<?xml version="1.0" encoding="UTF-8"?>
<!-- Generated by org.testng.reporters.JUnitReportReporter -->
<testsuite hostname="DESKTOP-JPICT55" name="commonMethods.Testcases" tests="8" failures="0" timestamp="17 Nov 2018 12:14:57 GMT" time="29.114" errors="0">
  <testcase name="productSearch" time="5.511" classname="commonMethods.Testcases"/>
  <testcase name="productCart" time="6.273" classname="commonMethods.Testcases"/>
  <testcase name="Login" time="1.140" classname="commonMethods.Testcases"/>
  <testcase name="productDeliver" time="0.856" classname="commonMethods.Testcases"/>
  <testcase name="productRemove" time="7.053" classname="commonMethods.Testcases"/>
  <testcase name="Logout" time="0.299" classname="commonMethods.Testcases"/>
  <testcase name="productShopping" time="2.156" classname="commonMethods.Testcases"/>
  <testcase name="productSelect" time="5.826" classname="commonMethods.Testcases"/>
</testsuite> <!-- commonMethods.Testcases -->
